Build started 2016/11/28 22:09:25.
     1>Project "G:\ML\ml\ml\ml.vcxproj" on node 2 (Build target(s)).
     1>ClCompile:
         C:\Program Files (x86)\Microsoft Visual Studio 12.0\VC\bin\CL.exe /c /Zi /nologo /W3 /WX- /sdl /O2 /Oi /Oy- /GL /D WIN32 /D NDEBUG /D _CONSOLE /D _LIB /D _UNICODE /D UNICODE /Gm- /EHsc /MD /GS /Gy /fp:precise /Zc:wchar_t /Zc:forScope /Yu"stdafx.h" /Fp"Release\ml.pch" /Fo"Release\\" /Fd"Release\vc120.pdb" /Gd /TP /analyze- /errorReport:prompt ml.cpp
         ml.cpp
     1>g:\ml\ml\ml\perceptron.h(14): warning C4018: '<' : signed/unsigned mismatch
     1>g:\ml\ml\ml\knn_force.h(30): warning C4018: '>=' : signed/unsigned mismatch
     1>g:\ml\ml\ml\knn_force.h(33): warning C4018: '>=' : signed/unsigned mismatch
     1>g:\ml\ml\ml\my_rand_data.h(9): warning C4018: '<' : signed/unsigned mismatch
     1>g:\ml\ml\ml\knn_force.h(13): warning C4018: '<' : signed/unsigned mismatch
                 g:\ml\ml\ml\knn_force.h(23) : see reference to function template instantiation 'double len<double>(const std::vector<double,std::allocator<_Ty>> &,const std::vector<_Ty,std::allocator<_Ty>> &,int)' being compiled
                 with
                 [
                     _Ty=double
                 ]
       Link:
         C:\Program Files (x86)\Microsoft Visual Studio 12.0\VC\bin\link.exe /ERRORREPORT:PROMPT /OUT:"G:\ML\ml\Release\ml.exe" /INCREMENTAL:NO /NOLOGO kernel32.lib user32.lib gdi32.lib winspool.lib comdlg32.lib advapi32.lib shell32.lib ole32.lib oleaut32.lib uuid.lib odbc32.lib odbccp32.lib /MANIFEST /MANIFESTUAC:"level='asInvoker' uiAccess='false'" /manifest:embed /DEBUG /PDB:"G:\ML\ml\Release\ml.pdb" /SUBSYSTEM:CONSOLE /OPT:REF /OPT:ICF /LTCG /TLBID:1 /DYNAMICBASE /NXCOMPAT /IMPLIB:"G:\ML\ml\Release\ml.lib" /MACHINE:X86 /SAFESEH Release\kdTree.obj
         Release\ml.obj
         Release\perceptron.obj
         Release\stdafx.obj
         Generating code
         Finished generating code
         ml.vcxproj -> G:\ML\ml\Release\ml.exe
     1>Done Building Project "G:\ML\ml\ml\ml.vcxproj" (Build target(s)).

Build succeeded.

Time Elapsed 00:00:01.36
