Build started 2016/11/17 16:14:24.
     1>Project "G:\ML\ml\ml\ml.vcxproj" on node 2 (Build target(s)).
     1>ClCompile:
         C:\Program Files (x86)\Microsoft Visual Studio 12.0\VC\bin\CL.exe /c /ZI /nologo /W3 /WX- /sdl /Od /Oy- /D WIN32 /D _DEBUG /D _CONSOLE /D _LIB /D _UNICODE /D UNICODE /Gm /EHsc /RTC1 /MDd /GS /fp:precise /Zc:wchar_t /Zc:forScope /Yu"stdafx.h" /Fp"Debug\ml.pch" /Fo"Debug\\" /Fd"Debug\vc120.pdb" /Gd /TP /analyze- /errorReport:prompt perceptron.cpp
         perceptron.cpp
     1>g:\ml\ml\ml\perceptron.h(14): warning C4018: '<' : signed/unsigned mismatch
     1>g:\ml\ml\ml\perceptron.cpp(16): warning C4018: '<' : signed/unsigned mismatch
     1>g:\ml\ml\ml\perceptron.cpp(20): warning C4018: '<' : signed/unsigned mismatch
     1>g:\ml\ml\ml\perceptron.cpp(26): warning C4018: '<' : signed/unsigned mismatch
     1>g:\ml\ml\ml\perceptron.cpp(45): warning C4018: '<' : signed/unsigned mismatch
     1>g:\ml\ml\ml\perceptron.cpp(47): warning C4018: '<' : signed/unsigned mismatch
     1>g:\ml\ml\ml\perceptron.cpp(52): warning C4018: '<' : signed/unsigned mismatch
     1>g:\ml\ml\ml\perceptron.cpp(54): warning C4018: '<' : signed/unsigned mismatch
       Link:
         C:\Program Files (x86)\Microsoft Visual Studio 12.0\VC\bin\link.exe /ERRORREPORT:PROMPT /OUT:"G:\ML\ml\Debug\ml.exe" /INCREMENTAL /NOLOGO kernel32.lib user32.lib gdi32.lib winspool.lib comdlg32.lib advapi32.lib shell32.lib ole32.lib oleaut32.lib uuid.lib odbc32.lib odbccp32.lib /MANIFEST /MANIFESTUAC:"level='asInvoker' uiAccess='false'" /manifest:embed /DEBUG /PDB:"G:\ML\ml\Debug\ml.pdb" /SUBSYSTEM:CONSOLE /TLBID:1 /DYNAMICBASE /NXCOMPAT /IMPLIB:"G:\ML\ml\Debug\ml.lib" /MACHINE:X86 Debug\ml.obj
         Debug\perceptron.obj
         Debug\stdafx.obj
         ml.vcxproj -> G:\ML\ml\Debug\ml.exe
     1>Done Building Project "G:\ML\ml\ml\ml.vcxproj" (Build target(s)).

Build succeeded.

Time Elapsed 00:00:00.64
